C51 COMPILER V9.57.0.0   ______                                                            09/04/2023 18:59:45 PAGE 1   


C51 COMPILER V9.57.0.0, COMPILATION OF MODULE ______
OBJECT MODULE PLACED IN 流水灯.OBJ
COMPILER INVOKED BY: F:\Keil_v5\C51\C51\BIN\C51.EXE 流水灯.c OPTIMIZE(8,SPEED) BROWSE DEBUG OBJECTEXTEND TABS(2)

line level    source

   1          #include<reg51.h>
   2          code unsigned char  LED[] = {0x01,0x02,0x04,0x08,0x10,0x20,0x40,0x80};     //流水灯数组
   3          void delay(unsigned int x)    //延时函数
   4          {
   5   1        while(x--);
   6   1      }
   7          void main()
   8          {
   9   1        unsigned char i;
  10   1        while(1)
  11   1        {
  12   2        P1 = LED[i];      //调用数组内的数据
  13   2        delay(500000);     //延时
  14   2        i++;        //循环一次，变量i加1
  15   2        if(i>=8)i=0;     //i=8，清零
  16   2        }
  17   1      
  18   1      }


MODULE INFORMATION:   STATIC OVERLAYABLE
   CODE SIZE        =     40    ----
   CONSTANT SIZE    =      8    ----
   XDATA SIZE       =   ----    ----
   PDATA SIZE       =   ----    ----
   DATA SIZE        =   ----       1
   IDATA SIZE       =   ----    ----
   BIT SIZE         =   ----    ----
END OF MODULE INFORMATION.


C51 COMPILATION COMPLETE.  0 WARNING(S),  0 ERROR(S)
