C51 COMPILER V9.57.0.0   MAIN                                                              09/06/2023 08:41:34 PAGE 1   


C51 COMPILER V9.57.0.0, COMPILATION OF MODULE MAIN
OBJECT MODULE PLACED IN main.OBJ
COMPILER INVOKED BY: F:\Keil_v5\C51\C51\BIN\C51.EXE main.c OPTIMIZE(8,SPEED) BROWSE INCDIR(F:\Keil_v5\C51\C51\INC) DEBUG
                    - OBJECTEXTEND TABS(2)

line level    source

   1          /*
   2           * @Author: Moerjie
   3           * @Data: Do not edit
   4           * @LastEditTime: 2023-08-28 13:38:40
   5           * @FilePath: \程序\main.c
   6           */
   7          #include<reg51.h>
   8          sbit LED_R = P0^0;      //LED接P0.0
   9          sbit LED_B = P0^1;
  10          void delay(unsigned int x)       //延时函数
  11          {
  12   1        while(x--);
  13   1      }
  14          void main()              //主函数
  15          {
  16   1        while(1)
  17   1        {
  18   2          LED_R=0;                    //P0.0输出低电平，LED灭
  19   2          delay(500000);               //调用延时函数，延时一段时间
  20   2          LED_R=1;                  //P0.0输出高电平，LED亮
  21   2          delay(500000);               //调用延时函数，延时一段时间
  22   2          LED_B=0;
  23   2          delay(500000);
  24   2          LED_B=1;
  25   2          delay(500000);
  26   2        }
  27   1      }  


MODULE INFORMATION:   STATIC OVERLAYABLE
   CODE SIZE        =     37    ----
   CONSTANT SIZE    =   ----    ----
   XDATA SIZE       =   ----    ----
   PDATA SIZE       =   ----    ----
   DATA SIZE        =   ----    ----
   IDATA SIZE       =   ----    ----
   BIT SIZE         =   ----    ----
END OF MODULE INFORMATION.


C51 COMPILATION COMPLETE.  0 WARNING(S),  0 ERROR(S)
