C51 COMPILER V9.57.0.0   MAIN                                                              09/06/2023 08:42:10 PAGE 1   


C51 COMPILER V9.57.0.0, COMPILATION OF MODULE MAIN
OBJECT MODULE PLACED IN main.OBJ
COMPILER INVOKED BY: F:\Keil_v5\C51\C51\BIN\C51.EXE main.c OPTIMIZE(8,SPEED) BROWSE DEBUG OBJECTEXTEND TABS(2)

line level    source

   1          #include<reg51.h>
   2          
   3          code unsigned char  seven_seg[]={0xc0,0xf9,0xa4,0xb0,0x99,0x92,
   4                0x82,0xf8,0x80,0x90};//共阳数码管 0 - 9
   5          unsigned char i = 0;
   6          void delay(unsigned int x)//延时函数
   7          {
   8   1        while(x--);
   9   1      }
  10          void main()
  11          {
  12   1        while(1)
  13   1        {
  14   2          P1=seven_seg[i];
  15   2          delay(50000);//延时
  16   2          i++;
  17   2          if(i>=8)
  18   2            i=0;
  19   2        }
  20   1      }


MODULE INFORMATION:   STATIC OVERLAYABLE
   CODE SIZE        =     40    ----
   CONSTANT SIZE    =     10    ----
   XDATA SIZE       =   ----    ----
   PDATA SIZE       =   ----    ----
   DATA SIZE        =      1    ----
   IDATA SIZE       =   ----    ----
   BIT SIZE         =   ----    ----
END OF MODULE INFORMATION.


C51 COMPILATION COMPLETE.  0 WARNING(S),  0 ERROR(S)
